<?xml version="1.0" encoding="utf-8" standalone="no"?>
<test-run id="2" testcasecount="10" result="Skipped" label="Ignored" total="10" passed="8" failed="0" inconclusive="0" skipped="2" asserts="9" engine-version="3.5.0.0" clr-version="4.0.30319.42000" start-time="2017-04-26 03:36:29Z" end-time="2017-04-26 03:36:32Z" duration="3.417874">
  <command-line><![CDATA[C:\work\tta\packages\NUnit.ConsoleRunner.3.5.0\tools\nunit3-console.exe  C:\work\tta.build\Release-AnyCPU\bin\ttaencTests.dll]]></command-line>
  <test-suite type="Assembly" id="0-1017" name="ttaencTests.dll" fullname="C:\work\tta.build\Release-AnyCPU\bin\ttaencTests.dll" runstate="Runnable" testcasecount="10" result="Skipped" label="Ignored" start-time="2017-04-26 03:36:29Z" end-time="2017-04-26 03:36:32Z" duration="3.325834" total="10" passed="8" failed="0" inconclusive="0" skipped="2" asserts="9">
    <environment framework-version="3.5.0.0" clr-version="4.0.30319.42000" os-version="Microsoft Windows NT 10.0.14393.0" platform="Win32NT" cwd="C:\work\tta\build" machine-name="GB" user="andreas" user-domain="GB" culture="de-DE" uiculture="en-US" os-architecture="x64" />
    <settings>
      <setting name="DisposeRunners" value="True" />
      <setting name="WorkDirectory" value="C:\work\tta\build" />
      <setting name="ImageRuntimeVersion" value="4.0.30319" />
      <setting name="ImageTargetFrameworkName" value=".NETFramework,Version=v4.5.1" />
      <setting name="ImageRequiresX86" value="False" />
      <setting name="ImageRequiresDefaultAppDomainAssemblyResolver" value="False" />
      <setting name="NumberOfTestWorkers" value="4" />
    </settings>
    <properties>
      <property name="_PID" value="9624" />
      <property name="_APPDOMAIN" value="test-domain-" />
    </properties>
    <reason>
      <message><![CDATA[One or more child tests were ignored]]></message>
    </reason>
    <test-suite type="TestSuite" id="0-1019" name="ttaenc" fullname="ttaenc" runstate="Runnable" testcasecount="8" result="Passed" start-time="2017-04-26 03:36:29Z" end-time="2017-04-26 03:36:32Z" duration="3.289226" total="8" passed="8" failed="0" inconclusive="0" skipped="0" asserts="9">
      <test-suite type="TestSuite" id="0-1020" name="Tests" fullname="ttaenc.Tests" runstate="Runnable" testcasecount="8" result="Passed" start-time="2017-04-26 03:36:29Z" end-time="2017-04-26 03:36:32Z" duration="3.285723" total="8" passed="8" failed="0" inconclusive="0" skipped="0" asserts="9">
        <test-suite type="TestFixture" id="0-1003" name="AlbumReaderTests" fullname="ttaenc.Tests.AlbumReaderTests" classname="ttaenc.Tests.AlbumReaderTests" runstate="Runnable" testcasecount="1" result="Passed" start-time="2017-04-26 03:36:29Z" end-time="2017-04-26 03:36:29Z" duration="0.479412" total="1" passed="1" failed="0" inconclusive="0" skipped="0" asserts="1">
          <test-case id="0-1004" name="ReadArtist" fullname="ttaenc.Tests.AlbumReaderTests.ReadArtist" methodname="ReadArtist" classname="ttaenc.Tests.AlbumReaderTests" runstate="Runnable" seed="2140204776" result="Passed" start-time="2017-04-26 03:36:29Z" end-time="2017-04-26 03:36:29Z" duration="0.200044" asserts="1">
            <output><![CDATA[292 [Worker#STA_NP] INFO ttaenc.AlbumReader (null) - Read meta information from C:\work\tta.build\Release-AnyCPU\test-data\audio\187950__soundmatch24__rnb-beat.mp3
]]></output>
          </test-case>
        </test-suite>
        <test-suite type="TestFixture" id="0-1013" name="DateTimeExtensionsTests" fullname="ttaenc.Tests.DateTimeExtensionsTests" classname="ttaenc.Tests.DateTimeExtensionsTests" runstate="Runnable" testcasecount="1" result="Passed" start-time="2017-04-26 03:36:29Z" end-time="2017-04-26 03:36:29Z" duration="0.029571" total="1" passed="1" failed="0" inconclusive="0" skipped="0" asserts="2">
          <test-case id="0-1014" name="ToInternetDateTimeFormatTest" fullname="ttaenc.Tests.DateTimeExtensionsTests.ToInternetDateTimeFormatTest" methodname="ToInternetDateTimeFormatTest" classname="ttaenc.Tests.DateTimeExtensionsTests" runstate="Runnable" seed="408429715" result="Passed" start-time="2017-04-26 03:36:29Z" end-time="2017-04-26 03:36:29Z" duration="0.026670" asserts="2" />
        </test-suite>
        <test-suite type="TestFixture" id="0-1005" name="MediaFileConverterTests" fullname="ttaenc.Tests.MediaFileConverterTests" classname="ttaenc.Tests.MediaFileConverterTests" runstate="Runnable" testcasecount="2" result="Passed" start-time="2017-04-26 03:36:29Z" end-time="2017-04-26 03:36:30Z" duration="1.112550" total="2" passed="2" failed="0" inconclusive="0" skipped="0" asserts="1">
          <test-case id="0-1006" name="ConvertAllTestFiles" fullname="ttaenc.Tests.MediaFileConverterTests.ConvertAllTestFiles" methodname="ConvertAllTestFiles" classname="ttaenc.Tests.MediaFileConverterTests" runstate="Runnable" seed="1548589271" result="Passed" start-time="2017-04-26 03:36:29Z" end-time="2017-04-26 03:36:30Z" duration="0.985901" asserts="1">
            <output><![CDATA[513 [Worker#STA_NP] INFO ttaenc.MediaFileConverter (null) - Begin: Convert C:\work\tta.build\Release-AnyCPU\test-data\audio\187950__soundmatch24__rnb-beat.mp3 to C:\work\tta.build\Release-AnyCPU\test-data\media-cache\4E365A2F18069A2F9BDBCD917EEE30E8.ogg
563 [Worker#STA_NP] DEBUG ttaenc.SubProcess (null) - Process 12348 started. mpg123.exe -w "C:\work\tta.build\Release-AnyCPU\test-data\media-cache\4E365A2F18069A2F9BDBCD917EEE30E8.ogg.wav" "C:\work\tta.build\Release-AnyCPU\test-data\audio\187950__soundmatch24__rnb-beat.mp3"
692 [10] DEBUG ttaenc.SubProcess (null) - 12348:out: High Performance MPEG 1.0/2.0/2.5 Audio Player for Layers 1, 2 and 3
693 [10] DEBUG ttaenc.SubProcess (null) - 12348:out: 	version 1.23.8; written and copyright by Michael Hipp and others
693 [10] DEBUG ttaenc.SubProcess (null) - 12348:out: 	free software (LGPL) without any warranty but with best wishes
693 [10] DEBUG ttaenc.SubProcess (null) - 12348:out: 
694 [10] DEBUG ttaenc.SubProcess (null) - 12348:out: Playing MPEG stream 1 of 1: C:\work\tta.build\Release-AnyCPU\test-data\audio\187950__soundmatch24__rnb-beat.mp3 ...
694 [10] DEBUG ttaenc.SubProcess (null) - 12348:out: 
695 [10] DEBUG ttaenc.SubProcess (null) - 12348:out: MPEG 1.0 L III cbr160 44100 j-s
695 [10] DEBUG ttaenc.SubProcess (null) - 12348:out: 
695 [10] DEBUG ttaenc.SubProcess (null) - 12348:out: Title:   Beat                            Artist: Soundmatch                    
696 [10] DEBUG ttaenc.SubProcess (null) - 12348:out: Comment: Some comment                    Album:  Beats                         
696 [10] DEBUG ttaenc.SubProcess (null) - 12348:out: Year:                                    Genre:  Unknown                       
696 [10] DEBUG ttaenc.SubProcess (null) - 12348:out: 
697 [10] DEBUG ttaenc.SubProcess (null) - 12348:out: [0:08] Decoding of C:\work\tta.build\Release-AnyCPU\test-data\audio\187950__soundmatch24__rnb-beat.mp3 finished.
712 [6] DEBUG ttaenc.SubProcess (null) - Process 12348 finished. Exit code: 0. Run time: 00:00:00.1500131. mpg123.exe -w "C:\work\tta.build\Release-AnyCPU\test-data\media-cache\4E365A2F18069A2F9BDBCD917EEE30E8.ogg.wav" "C:\work\tta.build\Release-AnyCPU\test-data\audio\187950__soundmatch24__rnb-beat.mp3"
789 [6] DEBUG ttaenc.SubProcess (null) - Process 17976 started. oggenc2.exe "C:\work\tta.build\Release-AnyCPU\test-data\media-cache\4E365A2F18069A2F9BDBCD917EEE30E8.ogg.wav" "--output=C:\work\tta.build\Release-AnyCPU\test-data\media-cache\uohb0nzw.dvy.4E365A2F18069A2F9BDBCD917EEE30E8.ogg" --resample 22500 --quiet 
983 [6] DEBUG ttaenc.SubProcess (null) - Process 17976 finished. Exit code: 0. Run time: 00:00:00.1941358. oggenc2.exe "C:\work\tta.build\Release-AnyCPU\test-data\media-cache\4E365A2F18069A2F9BDBCD917EEE30E8.ogg.wav" "--output=C:\work\tta.build\Release-AnyCPU\test-data\media-cache\uohb0nzw.dvy.4E365A2F18069A2F9BDBCD917EEE30E8.ogg" --resample 22500 --quiet 
987 [6] INFO ttaenc.MediaFileConverter (null) - Completed after 0.4730054 seconds: Convert C:\work\tta.build\Release-AnyCPU\test-data\audio\187950__soundmatch24__rnb-beat.mp3 to C:\work\tta.build\Release-AnyCPU\test-data\media-cache\4E365A2F18069A2F9BDBCD917EEE30E8.ogg
989 [Worker#STA_NP] INFO ttaenc.MediaFileConverter (null) - Begin: Convert C:\work\tta.build\Release-AnyCPU\test-data\audio\268049__sceza__bass-sine-sweep-10-400hz.ogg to C:\work\tta.build\Release-AnyCPU\test-data\media-cache\14094FB51C5E4DF565736D7ADADC1FA4.ogg
1028 [Worker#STA_NP] DEBUG ttaenc.SubProcess (null) - Process 1036 started. oggdec.exe --wavout "C:\work\tta.build\Release-AnyCPU\test-data\media-cache\14094FB51C5E4DF565736D7ADADC1FA4.ogg.wav" -q "C:\work\tta.build\Release-AnyCPU\test-data\audio\268049__sceza__bass-sine-sweep-10-400hz.ogg"
1087 [14] DEBUG ttaenc.SubProcess (null) - 1036:out: 
1088 [14] DEBUG ttaenc.SubProcess (null) - 1036:out: 
1088 [14] DEBUG ttaenc.SubProcess (null) - 1036:out: OggDec v1.10.1 (libVorbis 1.3.5) Compiled on: Mar 19 2015
1088 [14] DEBUG ttaenc.SubProcess (null) - 1036:out:  Encoder Version: 0
1088 [14] DEBUG ttaenc.SubProcess (null) - 1036:out:  Serial Number: 10519
1088 [14] DEBUG ttaenc.SubProcess (null) - 1036:out:  Bitstream is 2 channel, 44100Hz
1088 [14] DEBUG ttaenc.SubProcess (null) - 1036:out:  Scale = 1.0000
1088 [14] DEBUG ttaenc.SubProcess (null) - 1036:out:  Decoded length: 443216 samples = 0:10 mins.
1089 [14] DEBUG ttaenc.SubProcess (null) - 1036:out:  Encoded by: Xiph.Org libVorbis I 20150105 (??]
1088 [15] DEBUG ttaenc.SubProcess (null) - 1036:err: 
1089 [15] DEBUG ttaenc.SubProcess (null) - 1036:err: 
1089 [15] DEBUG ttaenc.SubProcess (null) - 1036:err: 
1089 [15] DEBUG ttaenc.SubProcess (null) - 1036:err: 
1089 [15] DEBUG ttaenc.SubProcess (null) - 1036:err:  ********** Done decoding all input files. **********
1089 [14] DEBUG ttaenc.SubProcess (null) - 1036:out:  Decoding: C:\work\tta.build\Release-AnyCPU\test-data\audio\268049__sceza__bass-sine-sweep-10-400hz.ogg
1090 [6] DEBUG ttaenc.SubProcess (null) - Process 1036 finished. Exit code: 0. Run time: 00:00:00.0626148. oggdec.exe --wavout "C:\work\tta.build\Release-AnyCPU\test-data\media-cache\14094FB51C5E4DF565736D7ADADC1FA4.ogg.wav" -q "C:\work\tta.build\Release-AnyCPU\test-data\audio\268049__sceza__bass-sine-sweep-10-400hz.ogg"
1100 [6] DEBUG ttaenc.SubProcess (null) - Process 17164 started. oggenc2.exe "C:\work\tta.build\Release-AnyCPU\test-data\media-cache\14094FB51C5E4DF565736D7ADADC1FA4.ogg.wav" "--output=C:\work\tta.build\Release-AnyCPU\test-data\media-cache\1fkif3ol.1xg.14094FB51C5E4DF565736D7ADADC1FA4.ogg" --resample 22500 --quiet --downmix
1236 [6] DEBUG ttaenc.SubProcess (null) - Process 17164 finished. Exit code: 0. Run time: 00:00:00.1359486. oggenc2.exe "C:\work\tta.build\Release-AnyCPU\test-data\media-cache\14094FB51C5E4DF565736D7ADADC1FA4.ogg.wav" "--output=C:\work\tta.build\Release-AnyCPU\test-data\media-cache\1fkif3ol.1xg.14094FB51C5E4DF565736D7ADADC1FA4.ogg" --resample 22500 --quiet --downmix
1238 [6] INFO ttaenc.MediaFileConverter (null) - Completed after 0.2490392 seconds: Convert C:\work\tta.build\Release-AnyCPU\test-data\audio\268049__sceza__bass-sine-sweep-10-400hz.ogg to C:\work\tta.build\Release-AnyCPU\test-data\media-cache\14094FB51C5E4DF565736D7ADADC1FA4.ogg
1240 [Worker#STA_NP] INFO ttaenc.MediaFileConverter (null) - Begin: Convert C:\work\tta.build\Release-AnyCPU\test-data\audio\268049__sceza__bass-sine-sweep-10-400hz.wav to C:\work\tta.build\Release-AnyCPU\test-data\media-cache\06C4C7CADCA7ADFD21BD901D29703BC9.ogg
1242 [Worker#STA_NP] DEBUG ttaenc.SubProcess (null) - Process 17012 started. oggenc2.exe "C:\work\tta.build\Release-AnyCPU\test-data\audio\268049__sceza__bass-sine-sweep-10-400hz.wav" -o "C:\work\tta.build\Release-AnyCPU\test-data\media-cache\qzfscc5k.y3s.06C4C7CADCA7ADFD21BD901D29703BC9.ogg" --quiet --resample 22500 --downmix
1380 [6] DEBUG ttaenc.SubProcess (null) - Process 17012 finished. Exit code: 0. Run time: 00:00:00.1374254. oggenc2.exe "C:\work\tta.build\Release-AnyCPU\test-data\audio\268049__sceza__bass-sine-sweep-10-400hz.wav" -o "C:\work\tta.build\Release-AnyCPU\test-data\media-cache\qzfscc5k.y3s.06C4C7CADCA7ADFD21BD901D29703BC9.ogg" --quiet --resample 22500 --downmix
1381 [6] INFO ttaenc.MediaFileConverter (null) - Completed after 0.1412293 seconds: Convert C:\work\tta.build\Release-AnyCPU\test-data\audio\268049__sceza__bass-sine-sweep-10-400hz.wav to C:\work\tta.build\Release-AnyCPU\test-data\media-cache\06C4C7CADCA7ADFD21BD901D29703BC9.ogg
1382 [Worker#STA_NP] INFO ttaenc.MediaFileConverter (null) - Begin: Convert C:\work\tta.build\Release-AnyCPU\test-data\audio\mono\ding.ogg to C:\work\tta.build\Release-AnyCPU\test-data\media-cache\A96CFB3545B53EAC56B1EAD473FC9715.ogg
1385 [Worker#STA_NP] DEBUG ttaenc.SubProcess (null) - Process 8384 started. oggdec.exe --wavout "C:\work\tta.build\Release-AnyCPU\test-data\media-cache\A96CFB3545B53EAC56B1EAD473FC9715.ogg.wav" -q "C:\work\tta.build\Release-AnyCPU\test-data\audio\mono\ding.ogg"
1413 [20] DEBUG ttaenc.SubProcess (null) - 8384:out: 
1413 [20] DEBUG ttaenc.SubProcess (null) - 8384:out: 
1413 [20] DEBUG ttaenc.SubProcess (null) - 8384:out: OggDec v1.10.1 (libVorbis 1.3.5) Compiled on: Mar 19 2015
1413 [20] DEBUG ttaenc.SubProcess (null) - 8384:out:  Encoder Version: 0
1413 [20] DEBUG ttaenc.SubProcess (null) - 8384:out:  Serial Number: 11195
1414 [20] DEBUG ttaenc.SubProcess (null) - 8384:out: 
1414 [20] DEBUG ttaenc.SubProcess (null) - 8384:out:  Bitstream is 1 channel, 22500Hz
1414 [20] DEBUG ttaenc.SubProcess (null) - 8384:out:  Scale = 1.0000
1414 [20] DEBUG ttaenc.SubProcess (null) - 8384:out:  Encoded by: Xiph.Org libVorbis I 20150105 (??]
1414 [20] DEBUG ttaenc.SubProcess (null) - 8384:out:  Decoding: C:\work\tta.build\Release-AnyCPU\test-data\audio\mono\ding.ogg
1414 [20] DEBUG ttaenc.SubProcess (null) - 8384:out: 
1415 [20] DEBUG ttaenc.SubProcess (null) - 8384:out: 
1414 [21] DEBUG ttaenc.SubProcess (null) - 8384:err:  Decoded length: 26880 samples = 0:01 mins.
1415 [21] DEBUG ttaenc.SubProcess (null) - 8384:err:  ********** Done decoding all input files. **********
1415 [20] DEBUG ttaenc.SubProcess (null) - 8384:out: 
1415 [6] DEBUG ttaenc.SubProcess (null) - Process 8384 finished. Exit code: 0. Run time: 00:00:00.0297816. oggdec.exe --wavout "C:\work\tta.build\Release-AnyCPU\test-data\media-cache\A96CFB3545B53EAC56B1EAD473FC9715.ogg.wav" -q "C:\work\tta.build\Release-AnyCPU\test-data\audio\mono\ding.ogg"
1422 [6] DEBUG ttaenc.SubProcess (null) - Process 11388 started. oggenc2.exe "C:\work\tta.build\Release-AnyCPU\test-data\media-cache\A96CFB3545B53EAC56B1EAD473FC9715.ogg.wav" "--output=C:\work\tta.build\Release-AnyCPU\test-data\media-cache\hofjf4c1.hfs.A96CFB3545B53EAC56B1EAD473FC9715.ogg" --resample 22500 --quiet 
1467 [6] DEBUG ttaenc.SubProcess (null) - Process 11388 finished. Exit code: 0. Run time: 00:00:00.0450552. oggenc2.exe "C:\work\tta.build\Release-AnyCPU\test-data\media-cache\A96CFB3545B53EAC56B1EAD473FC9715.ogg.wav" "--output=C:\work\tta.build\Release-AnyCPU\test-data\media-cache\hofjf4c1.hfs.A96CFB3545B53EAC56B1EAD473FC9715.ogg" --resample 22500 --quiet 
1468 [6] INFO ttaenc.MediaFileConverter (null) - Completed after 0.0853277 seconds: Convert C:\work\tta.build\Release-AnyCPU\test-data\audio\mono\ding.ogg to C:\work\tta.build\Release-AnyCPU\test-data\media-cache\A96CFB3545B53EAC56B1EAD473FC9715.ogg
]]></output>
          </test-case>
          <test-case id="0-1007" name="ConvertMonoOgg" fullname="ttaenc.Tests.MediaFileConverterTests.ConvertMonoOgg" methodname="ConvertMonoOgg" classname="ttaenc.Tests.MediaFileConverterTests" runstate="Runnable" seed="1280275189" result="Passed" start-time="2017-04-26 03:36:30Z" end-time="2017-04-26 03:36:30Z" duration="0.117013" asserts="0">
            <output><![CDATA[1473 [Worker#STA_NP] INFO ttaenc.MediaFileConverter (null) - Begin: Convert C:\work\tta.build\Release-AnyCPU\test-data\audio\mono\ding.ogg to C:\work\tta.build\Release-AnyCPU\test-data\media-cache\A96CFB3545B53EAC56B1EAD473FC9715.ogg
1476 [Worker#STA_NP] DEBUG ttaenc.SubProcess (null) - Process 17852 started. oggdec.exe --wavout "C:\work\tta.build\Release-AnyCPU\test-data\media-cache\A96CFB3545B53EAC56B1EAD473FC9715.ogg.wav" -q "C:\work\tta.build\Release-AnyCPU\test-data\audio\mono\ding.ogg"
1510 [24] DEBUG ttaenc.SubProcess (null) - 17852:out: 
1510 [24] DEBUG ttaenc.SubProcess (null) - 17852:out: 
1511 [24] DEBUG ttaenc.SubProcess (null) - 17852:out: OggDec v1.10.1 (libVorbis 1.3.5) Compiled on: Mar 19 2015
1511 [24] DEBUG ttaenc.SubProcess (null) - 17852:out:  Encoder Version: 0
1511 [24] DEBUG ttaenc.SubProcess (null) - 17852:out:  Serial Number: 11195
1511 [24] DEBUG ttaenc.SubProcess (null) - 17852:out: 
1512 [24] DEBUG ttaenc.SubProcess (null) - 17852:out:  Bitstream is 1 channel, 22500Hz
1512 [24] DEBUG ttaenc.SubProcess (null) - 17852:out:  Scale = 1.0000
1512 [24] DEBUG ttaenc.SubProcess (null) - 17852:out:  Decoded length: 26880 samples = 0:01 mins.
1512 [24] DEBUG ttaenc.SubProcess (null) - 17852:out:  Encoded by: Xiph.Org libVorbis I 20150105 (??]
1512 [24] DEBUG ttaenc.SubProcess (null) - 17852:out:  Decoding: C:\work\tta.build\Release-AnyCPU\test-data\audio\mono\ding.ogg
1513 [24] DEBUG ttaenc.SubProcess (null) - 17852:out: 
1513 [24] DEBUG ttaenc.SubProcess (null) - 17852:out: 
1513 [24] DEBUG ttaenc.SubProcess (null) - 17852:out:  ********** Done decoding all input files. **********
1512 [25] DEBUG ttaenc.SubProcess (null) - 17852:err: 
1514 [6] DEBUG ttaenc.SubProcess (null) - Process 17852 finished. Exit code: 0. Run time: 00:00:00.0388197. oggdec.exe --wavout "C:\work\tta.build\Release-AnyCPU\test-data\media-cache\A96CFB3545B53EAC56B1EAD473FC9715.ogg.wav" -q "C:\work\tta.build\Release-AnyCPU\test-data\audio\mono\ding.ogg"
1518 [6] DEBUG ttaenc.SubProcess (null) - Process 18268 started. oggenc2.exe "C:\work\tta.build\Release-AnyCPU\test-data\media-cache\A96CFB3545B53EAC56B1EAD473FC9715.ogg.wav" "--output=C:\work\tta.build\Release-AnyCPU\test-data\media-cache\cc5ymwtc.oha.A96CFB3545B53EAC56B1EAD473FC9715.ogg" --resample 22500 --quiet 
1586 [6] DEBUG ttaenc.SubProcess (null) - Process 18268 finished. Exit code: 0. Run time: 00:00:00.0677787. oggenc2.exe "C:\work\tta.build\Release-AnyCPU\test-data\media-cache\A96CFB3545B53EAC56B1EAD473FC9715.ogg.wav" "--output=C:\work\tta.build\Release-AnyCPU\test-data\media-cache\cc5ymwtc.oha.A96CFB3545B53EAC56B1EAD473FC9715.ogg" --resample 22500 --quiet 
1588 [6] INFO ttaenc.MediaFileConverter (null) - Completed after 0.1148204 seconds: Convert C:\work\tta.build\Release-AnyCPU\test-data\audio\mono\ding.ogg to C:\work\tta.build\Release-AnyCPU\test-data\media-cache\A96CFB3545B53EAC56B1EAD473FC9715.ogg
]]></output>
          </test-case>
        </test-suite>
        <test-suite type="TestFixture" id="0-1008" name="PackageBuilderTests" fullname="ttaenc.Tests.PackageBuilderTests" classname="ttaenc.Tests.PackageBuilderTests" runstate="Runnable" testcasecount="1" result="Passed" start-time="2017-04-26 03:36:30Z" end-time="2017-04-26 03:36:32Z" duration="1.375262" total="1" passed="1" failed="0" inconclusive="0" skipped="0" asserts="0">
          <test-case id="0-1009" name="PackageBuilderTest" fullname="ttaenc.Tests.PackageBuilderTests.PackageBuilderTest" methodname="PackageBuilderTest" classname="ttaenc.Tests.PackageBuilderTests" runstate="Runnable" seed="407905494" result="Passed" start-time="2017-04-26 03:36:30Z" end-time="2017-04-26 03:36:32Z" duration="1.371309" asserts="0">
            <output><![CDATA[2017 [Worker#STA_NP] INFO ttaenc.AlbumReader (null) - Read meta information from C:\work\tta.build\Release-AnyCPU\test-data\audio\187950__soundmatch24__rnb-beat.mp3
2018 [Worker#STA_NP] INFO ttaenc.AlbumReader (null) - Read meta information from C:\work\tta.build\Release-AnyCPU\test-data\audio\268049__sceza__bass-sine-sweep-10-400hz.ogg
2049 [Worker#STA_NP] INFO ttaenc.AlbumReader (null) - Read meta information from C:\work\tta.build\Release-AnyCPU\test-data\audio\268049__sceza__bass-sine-sweep-10-400hz.wav
2088 [Worker#STA_NP] INFO ttaenc.AlbumReader (null) - Read meta information from C:\work\tta.build\Release-AnyCPU\test-data\audio\mono\ding.ogg
2114 [Worker#STA_NP] INFO ttaenc.MediaFileConverter (null) - Begin: Convert C:\work\tta.build\Release-AnyCPU\bin\media\ding.ogg to C:\work\tta.build\Release-AnyCPU\test-data\media-cache\886CA5D21C83327B63758E3D48D7144C.ogg
2117 [Worker#STA_NP] DEBUG ttaenc.SubProcess (null) - Process 12192 started. oggdec.exe --wavout "C:\work\tta.build\Release-AnyCPU\test-data\media-cache\886CA5D21C83327B63758E3D48D7144C.ogg.wav" -q "C:\work\tta.build\Release-AnyCPU\bin\media\ding.ogg"
2144 [26] DEBUG ttaenc.SubProcess (null) - 12192:out: 
2144 [26] DEBUG ttaenc.SubProcess (null) - 12192:out: 
2144 [26] DEBUG ttaenc.SubProcess (null) - 12192:out: OggDec v1.10.1 (libVorbis 1.3.5) Compiled on: Mar 19 2015
2144 [26] DEBUG ttaenc.SubProcess (null) - 12192:out:  Genre=Other
2144 [26] DEBUG ttaenc.SubProcess (null) - 12192:out:  EncodedBy=Free Mp3 Wma Converter
2145 [26] DEBUG ttaenc.SubProcess (null) - 12192:out:  Date=2013
2145 [26] DEBUG ttaenc.SubProcess (null) - 12192:out:  TrackNumber=1
2145 [26] DEBUG ttaenc.SubProcess (null) - 12192:out:  Encoder Version: 0
2145 [26] DEBUG ttaenc.SubProcess (null) - 12192:out: 
2145 [26] DEBUG ttaenc.SubProcess (null) - 12192:out:  Bitstream is 2 channel, 24000Hz
2145 [26] DEBUG ttaenc.SubProcess (null) - 12192:out:  Scale = 1.0000
2146 [26] DEBUG ttaenc.SubProcess (null) - 12192:out:  Decoded length: 28672 samples = 0:01 mins.
2146 [26] DEBUG ttaenc.SubProcess (null) - 12192:out:  Encoded by: Xiph.Org libVorbis I 20030909
2146 [26] DEBUG ttaenc.SubProcess (null) - 12192:out:  Decoding: C:\work\tta.build\Release-AnyCPU\bin\media\ding.ogg
2146 [26] DEBUG ttaenc.SubProcess (null) - 12192:out: 
2146 [26] DEBUG ttaenc.SubProcess (null) - 12192:out: 
2146 [26] DEBUG ttaenc.SubProcess (null) - 12192:out: 
2147 [26] DEBUG ttaenc.SubProcess (null) - 12192:out:  ********** Done decoding all input files. **********
2145 [25] DEBUG ttaenc.SubProcess (null) - 12192:err:  Serial Number: 55555
2147 [6] DEBUG ttaenc.SubProcess (null) - Process 12192 finished. Exit code: 0. Run time: 00:00:00.0300385. oggdec.exe --wavout "C:\work\tta.build\Release-AnyCPU\test-data\media-cache\886CA5D21C83327B63758E3D48D7144C.ogg.wav" -q "C:\work\tta.build\Release-AnyCPU\bin\media\ding.ogg"
2150 [6] DEBUG ttaenc.SubProcess (null) - Process 17336 started. oggenc2.exe "C:\work\tta.build\Release-AnyCPU\test-data\media-cache\886CA5D21C83327B63758E3D48D7144C.ogg.wav" "--output=C:\work\tta.build\Release-AnyCPU\test-data\media-cache\wm11shed.xrp.886CA5D21C83327B63758E3D48D7144C.ogg" --resample 22500 --quiet --downmix
2200 [6] DEBUG ttaenc.SubProcess (null) - Process 17336 finished. Exit code: 0. Run time: 00:00:00.0504529. oggenc2.exe "C:\work\tta.build\Release-AnyCPU\test-data\media-cache\886CA5D21C83327B63758E3D48D7144C.ogg.wav" "--output=C:\work\tta.build\Release-AnyCPU\test-data\media-cache\wm11shed.xrp.886CA5D21C83327B63758E3D48D7144C.ogg" --resample 22500 --quiet --downmix
2201 [6] INFO ttaenc.MediaFileConverter (null) - Completed after 0.0870516 seconds: Convert C:\work\tta.build\Release-AnyCPU\bin\media\ding.ogg to C:\work\tta.build\Release-AnyCPU\test-data\media-cache\886CA5D21C83327B63758E3D48D7144C.ogg
2203 [Worker#STA_NP] INFO ttaenc.MediaFileConverter (null) - Begin: Convert C:\work\tta.build\Release-AnyCPU\test-data\audio\187950__soundmatch24__rnb-beat.mp3 to C:\work\tta.build\Release-AnyCPU\test-data\media-cache\4E365A2F18069A2F9BDBCD917EEE30E8.ogg
2203 [21] INFO ttaenc.MediaFileConverter (null) - Begin: Convert C:\work\tta.build\Release-AnyCPU\test-data\audio\268049__sceza__bass-sine-sweep-10-400hz.wav to C:\work\tta.build\Release-AnyCPU\test-data\media-cache\06C4C7CADCA7ADFD21BD901D29703BC9.ogg
2203 [22] INFO ttaenc.MediaFileConverter (null) - Begin: Convert C:\work\tta.build\Release-AnyCPU\test-data\audio\268049__sceza__bass-sine-sweep-10-400hz.ogg to C:\work\tta.build\Release-AnyCPU\test-data\media-cache\14094FB51C5E4DF565736D7ADADC1FA4.ogg
2206 [Worker#STA_NP] DEBUG ttaenc.SubProcess (null) - Process 18176 started. mpg123.exe -w "C:\work\tta.build\Release-AnyCPU\test-data\media-cache\4E365A2F18069A2F9BDBCD917EEE30E8.ogg.wav" "C:\work\tta.build\Release-AnyCPU\test-data\audio\187950__soundmatch24__rnb-beat.mp3"
2208 [21] DEBUG ttaenc.SubProcess (null) - Process 14448 started. oggenc2.exe "C:\work\tta.build\Release-AnyCPU\test-data\audio\268049__sceza__bass-sine-sweep-10-400hz.wav" -o "C:\work\tta.build\Release-AnyCPU\test-data\media-cache\cwkbttmb.wab.06C4C7CADCA7ADFD21BD901D29703BC9.ogg" --quiet --resample 22500 --downmix
2210 [22] DEBUG ttaenc.SubProcess (null) - Process 5204 started. oggdec.exe --wavout "C:\work\tta.build\Release-AnyCPU\test-data\media-cache\14094FB51C5E4DF565736D7ADADC1FA4.ogg.wav" -q "C:\work\tta.build\Release-AnyCPU\test-data\audio\268049__sceza__bass-sine-sweep-10-400hz.ogg"
2271 [18] DEBUG ttaenc.SubProcess (null) - 18176:out: High Performance MPEG 1.0/2.0/2.5 Audio Player for Layers 1, 2 and 3
2272 [18] DEBUG ttaenc.SubProcess (null) - 18176:out: 	version 1.23.8; written and copyright by Michael Hipp and others
2272 [18] DEBUG ttaenc.SubProcess (null) - 18176:out: 	free software (LGPL) without any warranty but with best wishes
2272 [18] DEBUG ttaenc.SubProcess (null) - 18176:out: 
2273 [18] DEBUG ttaenc.SubProcess (null) - 18176:out: Playing MPEG stream 1 of 1: C:\work\tta.build\Release-AnyCPU\test-data\audio\187950__soundmatch24__rnb-beat.mp3 ...
2273 [18] DEBUG ttaenc.SubProcess (null) - 18176:out: 
2273 [18] DEBUG ttaenc.SubProcess (null) - 18176:out: MPEG 1.0 L III cbr160 44100 j-s
2273 [18] DEBUG ttaenc.SubProcess (null) - 18176:out: 
2274 [18] DEBUG ttaenc.SubProcess (null) - 18176:out: Title:   Beat                            Artist: Soundmatch                    
2274 [18] DEBUG ttaenc.SubProcess (null) - 18176:out: Comment: Some comment                    Album:  Beats                         
2274 [18] DEBUG ttaenc.SubProcess (null) - 18176:out: Year:                                    Genre:  Unknown                       
2274 [18] DEBUG ttaenc.SubProcess (null) - 18176:out: 
2275 [18] DEBUG ttaenc.SubProcess (null) - 18176:out: [0:08] Decoding of C:\work\tta.build\Release-AnyCPU\test-data\audio\187950__soundmatch24__rnb-beat.mp3 finished.
2275 [6] DEBUG ttaenc.SubProcess (null) - Process 18176 finished. Exit code: 0. Run time: 00:00:00.0691673. mpg123.exe -w "C:\work\tta.build\Release-AnyCPU\test-data\media-cache\4E365A2F18069A2F9BDBCD917EEE30E8.ogg.wav" "C:\work\tta.build\Release-AnyCPU\test-data\audio\187950__soundmatch24__rnb-beat.mp3"
2281 [6] DEBUG ttaenc.SubProcess (null) - Process 10832 started. oggenc2.exe "C:\work\tta.build\Release-AnyCPU\test-data\media-cache\4E365A2F18069A2F9BDBCD917EEE30E8.ogg.wav" "--output=C:\work\tta.build\Release-AnyCPU\test-data\media-cache\yekgvsiw.4sx.4E365A2F18069A2F9BDBCD917EEE30E8.ogg" --resample 22500 --quiet 
2310 [14] DEBUG ttaenc.SubProcess (null) - 5204:out: 
2311 [14] DEBUG ttaenc.SubProcess (null) - 5204:out: 
2311 [14] DEBUG ttaenc.SubProcess (null) - 5204:out: OggDec v1.10.1 (libVorbis 1.3.5) Compiled on: Mar 19 2015
2311 [14] DEBUG ttaenc.SubProcess (null) - 5204:out:  Encoder Version: 0
2311 [14] DEBUG ttaenc.SubProcess (null) - 5204:out:  Serial Number: 10519
2311 [14] DEBUG ttaenc.SubProcess (null) - 5204:out: 
2312 [14] DEBUG ttaenc.SubProcess (null) - 5204:out:  Bitstream is 2 channel, 44100Hz
2312 [14] DEBUG ttaenc.SubProcess (null) - 5204:out:  Scale = 1.0000
2312 [14] DEBUG ttaenc.SubProcess (null) - 5204:out:  Decoded length: 443216 samples = 0:10 mins.
2312 [14] DEBUG ttaenc.SubProcess (null) - 5204:out:  Encoded by: Xiph.Org libVorbis I 20150105 (??]
2313 [14] DEBUG ttaenc.SubProcess (null) - 5204:out: 
2313 [14] DEBUG ttaenc.SubProcess (null) - 5204:out: 
2313 [14] DEBUG ttaenc.SubProcess (null) - 5204:out: 
2313 [14] DEBUG ttaenc.SubProcess (null) - 5204:out:  ********** Done decoding all input files. **********
2312 [13] DEBUG ttaenc.SubProcess (null) - 5204:err:  Decoding: C:\work\tta.build\Release-AnyCPU\test-data\audio\268049__sceza__bass-sine-sweep-10-400hz.ogg
2314 [6] DEBUG ttaenc.SubProcess (null) - Process 5204 finished. Exit code: 0. Run time: 00:00:00.1045238. oggdec.exe --wavout "C:\work\tta.build\Release-AnyCPU\test-data\media-cache\14094FB51C5E4DF565736D7ADADC1FA4.ogg.wav" -q "C:\work\tta.build\Release-AnyCPU\test-data\audio\268049__sceza__bass-sine-sweep-10-400hz.ogg"
2319 [6] DEBUG ttaenc.SubProcess (null) - Process 12088 started. oggenc2.exe "C:\work\tta.build\Release-AnyCPU\test-data\media-cache\14094FB51C5E4DF565736D7ADADC1FA4.ogg.wav" "--output=C:\work\tta.build\Release-AnyCPU\test-data\media-cache\n2gmbmfz.4vb.14094FB51C5E4DF565736D7ADADC1FA4.ogg" --resample 22500 --quiet --downmix
2436 [6] DEBUG ttaenc.SubProcess (null) - Process 14448 finished. Exit code: 0. Run time: 00:00:00.2282755. oggenc2.exe "C:\work\tta.build\Release-AnyCPU\test-data\audio\268049__sceza__bass-sine-sweep-10-400hz.wav" -o "C:\work\tta.build\Release-AnyCPU\test-data\media-cache\cwkbttmb.wab.06C4C7CADCA7ADFD21BD901D29703BC9.ogg" --quiet --resample 22500 --downmix
2438 [6] INFO ttaenc.MediaFileConverter (null) - Completed after 0.2346049 seconds: Convert C:\work\tta.build\Release-AnyCPU\test-data\audio\268049__sceza__bass-sine-sweep-10-400hz.wav to C:\work\tta.build\Release-AnyCPU\test-data\media-cache\06C4C7CADCA7ADFD21BD901D29703BC9.ogg
2531 [6] DEBUG ttaenc.SubProcess (null) - Process 12088 finished. Exit code: 0. Run time: 00:00:00.2114575. oggenc2.exe "C:\work\tta.build\Release-AnyCPU\test-data\media-cache\14094FB51C5E4DF565736D7ADADC1FA4.ogg.wav" "--output=C:\work\tta.build\Release-AnyCPU\test-data\media-cache\n2gmbmfz.4vb.14094FB51C5E4DF565736D7ADADC1FA4.ogg" --resample 22500 --quiet --downmix
2533 [6] INFO ttaenc.MediaFileConverter (null) - Completed after 0.3298861 seconds: Convert C:\work\tta.build\Release-AnyCPU\test-data\audio\268049__sceza__bass-sine-sweep-10-400hz.ogg to C:\work\tta.build\Release-AnyCPU\test-data\media-cache\14094FB51C5E4DF565736D7ADADC1FA4.ogg
2549 [6] DEBUG ttaenc.SubProcess (null) - Process 10832 finished. Exit code: 0. Run time: 00:00:00.2677856. oggenc2.exe "C:\work\tta.build\Release-AnyCPU\test-data\media-cache\4E365A2F18069A2F9BDBCD917EEE30E8.ogg.wav" "--output=C:\work\tta.build\Release-AnyCPU\test-data\media-cache\yekgvsiw.4sx.4E365A2F18069A2F9BDBCD917EEE30E8.ogg" --resample 22500 --quiet 
2551 [6] INFO ttaenc.MediaFileConverter (null) - Completed after 0.3479315 seconds: Convert C:\work\tta.build\Release-AnyCPU\test-data\audio\187950__soundmatch24__rnb-beat.mp3 to C:\work\tta.build\Release-AnyCPU\test-data\media-cache\4E365A2F18069A2F9BDBCD917EEE30E8.ogg
2568 [Worker#STA_NP] INFO ttaenc.PackageBuilder (null) - Write C:\work\tta.build\Release-AnyCPU\test-data\media-cache\ProductId800.yaml
2584 [Worker#STA_NP] INFO ttaenc.PathUtil (null) - Begin: Copy C:\work\tta.build\Release-AnyCPU\bin\media\style.css to C:\Users\andreas\AppData\Local\sidiandi\ttaudio\html\ProductId800\media\style.css
2588 [Worker#STA_NP] INFO ttaenc.PathUtil (null) - Begin: Copy C:\work\tta.build\Release-AnyCPU\bin\media\power.svg to C:\Users\andreas\AppData\Local\sidiandi\ttaudio\html\ProductId800\media\power.svg
2590 [Worker#STA_NP] INFO ttaenc.PathUtil (null) - Begin: Copy C:\work\tta.build\Release-AnyCPU\bin\media\stop.svg to C:\Users\andreas\AppData\Local\sidiandi\ttaudio\html\ProductId800\media\stop.svg
2590 [20] INFO ttaenc.PathUtil (null) - Completed after 0.0056272 seconds: Copy C:\work\tta.build\Release-AnyCPU\bin\media\style.css to C:\Users\andreas\AppData\Local\sidiandi\ttaudio\html\ProductId800\media\style.css
2592 [Worker#STA_NP] INFO ttaenc.PathUtil (null) - Begin: Copy C:\work\tta.build\Release-AnyCPU\bin\media\2-columns.css to C:\Users\andreas\AppData\Local\sidiandi\ttaudio\html\ProductId800\media\2-columns.css
2592 [21] INFO ttaenc.PathUtil (null) - Completed after 0.0038612 seconds: Copy C:\work\tta.build\Release-AnyCPU\bin\media\power.svg to C:\Users\andreas\AppData\Local\sidiandi\ttaudio\html\ProductId800\media\power.svg
2594 [Worker#STA_NP] INFO ttaenc.PathUtil (null) - Begin: Copy C:\work\tta.build\Release-AnyCPU\bin\media\compact.css to C:\Users\andreas\AppData\Local\sidiandi\ttaudio\html\ProductId800\media\compact.css
2594 [20] INFO ttaenc.PathUtil (null) - Completed after 0.0042531 seconds: Copy C:\work\tta.build\Release-AnyCPU\bin\media\stop.svg to C:\Users\andreas\AppData\Local\sidiandi\ttaudio\html\ProductId800\media\stop.svg
2596 [Worker#STA_NP] INFO ttaenc.PathUtil (null) - Begin: Copy C:\work\tta.build\Release-AnyCPU\bin\media\default.css to C:\Users\andreas\AppData\Local\sidiandi\ttaudio\html\ProductId800\media\default.css
2596 [22] INFO ttaenc.PathUtil (null) - Completed after 0.0031584 seconds: Copy C:\work\tta.build\Release-AnyCPU\bin\media\2-columns.css to C:\Users\andreas\AppData\Local\sidiandi\ttaudio\html\ProductId800\media\2-columns.css
2597 [Worker#STA_NP] INFO ttaenc.PathUtil (null) - Begin: Copy C:\work\tta.build\Release-AnyCPU\bin\media\kids.css to C:\Users\andreas\AppData\Local\sidiandi\ttaudio\html\ProductId800\media\kids.css
2599 [Worker#STA_NP] INFO ttaenc.PathUtil (null) - Begin: Copy C:\work\tta.build\Release-AnyCPU\bin\media\note_to_pen.png to C:\Users\andreas\AppData\Local\sidiandi\ttaudio\html\ProductId800\media\note_to_pen.png
2601 [19] INFO ttaenc.PathUtil (null) - Completed after 0.0036472 seconds: Copy C:\work\tta.build\Release-AnyCPU\bin\media\kids.css to C:\Users\andreas\AppData\Local\sidiandi\ttaudio\html\ProductId800\media\kids.css
2601 [Worker#STA_NP] INFO ttaenc.PackageBuilder (null) - Write C:\Users\andreas\AppData\Local\sidiandi\ttaudio\html\ProductId800\ProductId800.html
2602 [21] INFO ttaenc.PathUtil (null) - Completed after 0.0076605 seconds: Copy C:\work\tta.build\Release-AnyCPU\bin\media\compact.css to C:\Users\andreas\AppData\Local\sidiandi\ttaudio\html\ProductId800\media\compact.css
2604 [20] INFO ttaenc.PathUtil (null) - Completed after 0.0047621 seconds: Copy C:\work\tta.build\Release-AnyCPU\bin\media\note_to_pen.png to C:\Users\andreas\AppData\Local\sidiandi\ttaudio\html\ProductId800\media\note_to_pen.png
2604 [22] INFO ttaenc.PathUtil (null) - Completed after 0.0081718 seconds: Copy C:\work\tta.build\Release-AnyCPU\bin\media\default.css to C:\Users\andreas\AppData\Local\sidiandi\ttaudio\html\ProductId800\media\default.css
2840 [Worker#STA_NP] DEBUG ttaenc.SubProcess (null) - Process 15292 started. C:\WINDOWS\system32\cmd.exe /c tttool assemble "C:\work\tta.build\Release-AnyCPU\test-data\media-cache\ProductId800.yaml" "C:\work\tta.build\Release-AnyCPU\test-data\media-cache\tta_ProductId800.gme"
2956 [6] DEBUG ttaenc.SubProcess (null) - Process 15292 finished. Exit code: 0. Run time: 00:00:00.1161531. C:\WINDOWS\system32\cmd.exe /c tttool assemble "C:\work\tta.build\Release-AnyCPU\test-data\media-cache\ProductId800.yaml" "C:\work\tta.build\Release-AnyCPU\test-data\media-cache\tta_ProductId800.gme"
2956 [6] INFO ttaenc.PathUtil (null) - Begin: Copy C:\work\tta.build\Release-AnyCPU\test-data\media-cache\tta_ProductId800.gme to C:\work\tta.build\Release-AnyCPU\test-data\penDirectory\tta_ProductId800.gme
2965 [21] INFO ttaenc.PathUtil (null) - Completed after 0.0084964 seconds: Copy C:\work\tta.build\Release-AnyCPU\test-data\media-cache\tta_ProductId800.gme to C:\work\tta.build\Release-AnyCPU\test-data\penDirectory\tta_ProductId800.gme
2966 [21] INFO ttaenc.PackageBuilder (null) - C:\work\tta.build\Release-AnyCPU\test-data\penDirectory\tta_ProductId800.gme was sucessfully built.
C:\work\tta.build\Release-AnyCPU\test-data\penDirectory\tta_ProductId800.gme
]]></output>
          </test-case>
        </test-suite>
        <test-suite type="TestFixture" id="0-1010" name="PackageTests" fullname="ttaenc.Tests.PackageTests" classname="ttaenc.Tests.PackageTests" runstate="Runnable" testcasecount="2" result="Passed" start-time="2017-04-26 03:36:32Z" end-time="2017-04-26 03:36:32Z" duration="0.210173" total="2" passed="2" failed="0" inconclusive="0" skipped="0" asserts="3">
          <test-case id="0-1012" name="CreateFromInputPathsTest_works_with_empty_enumerable" fullname="ttaenc.Tests.PackageTests.CreateFromInputPathsTest_works_with_empty_enumerable" methodname="CreateFromInputPathsTest_works_with_empty_enumerable" classname="ttaenc.Tests.PackageTests" runstate="Runnable" seed="1373900526" result="Passed" start-time="2017-04-26 03:36:32Z" end-time="2017-04-26 03:36:32Z" duration="0.005965" asserts="0" />
          <test-case id="0-1011" name="Serialize" fullname="ttaenc.Tests.PackageTests.Serialize" methodname="Serialize" classname="ttaenc.Tests.PackageTests" runstate="Runnable" seed="442572904" result="Passed" start-time="2017-04-26 03:36:32Z" end-time="2017-04-26 03:36:32Z" duration="0.197699" asserts="3">
            <output><![CDATA[3007 [Worker#STA_NP] INFO ttaenc.AlbumReader (null) - Read meta information from C:\work\tta.build\Release-AnyCPU\test-data\audio\187950__soundmatch24__rnb-beat.mp3
3008 [Worker#STA_NP] INFO ttaenc.AlbumReader (null) - Read meta information from C:\work\tta.build\Release-AnyCPU\test-data\audio\268049__sceza__bass-sine-sweep-10-400hz.ogg
3009 [Worker#STA_NP] INFO ttaenc.AlbumReader (null) - Read meta information from C:\work\tta.build\Release-AnyCPU\test-data\audio\268049__sceza__bass-sine-sweep-10-400hz.wav
3011 [Worker#STA_NP] INFO ttaenc.AlbumReader (null) - Read meta information from C:\work\tta.build\Release-AnyCPU\test-data\audio\mono\ding.ogg
]]></output>
          </test-case>
        </test-suite>
        <test-suite type="TestFixture" id="0-1015" name="XmlSerializerUtilTests" fullname="ttaenc.Tests.XmlSerializerUtilTests" classname="ttaenc.Tests.XmlSerializerUtilTests" runstate="Runnable" testcasecount="1" result="Passed" start-time="2017-04-26 03:36:32Z" end-time="2017-04-26 03:36:32Z" duration="0.053974" total="1" passed="1" failed="0" inconclusive="0" skipped="0" asserts="2">
          <test-case id="0-1016" name="WriteTest" fullname="ttaenc.Tests.XmlSerializerUtilTests.WriteTest" methodname="WriteTest" classname="ttaenc.Tests.XmlSerializerUtilTests" runstate="Runnable" seed="580544560" result="Passed" start-time="2017-04-26 03:36:32Z" end-time="2017-04-26 03:36:32Z" duration="0.049748" asserts="2" />
        </test-suite>
      </test-suite>
    </test-suite>
    <test-suite type="TestSuite" id="0-1018" name="ttaencTests" fullname="ttaencTests" runstate="Runnable" testcasecount="2" result="Skipped" label="Ignored" start-time="2017-04-26 03:36:29Z" end-time="2017-04-26 03:36:32Z" duration="3.295651" total="2" passed="0" failed="0" inconclusive="0" skipped="2" asserts="0">
      <reason>
        <message><![CDATA[One or more child tests were ignored]]></message>
      </reason>
      <test-suite type="TestFixture" id="0-1000" name="OidSvgWriterTests" fullname="ttaencTests.OidSvgWriterTests" classname="ttaencTests.OidSvgWriterTests" runstate="Runnable" testcasecount="2" result="Skipped" label="Ignored" start-time="2017-04-26 03:36:32Z" end-time="2017-04-26 03:36:32Z" duration="0.007521" total="2" passed="0" failed="0" inconclusive="0" skipped="2" asserts="0">
        <reason>
          <message><![CDATA[One or more child tests were ignored]]></message>
        </reason>
        <test-case id="0-1002" name="CreateTestPage" fullname="ttaencTests.OidSvgWriterTests.CreateTestPage" methodname="CreateTestPage" classname="ttaencTests.OidSvgWriterTests" runstate="Explicit" seed="1723498883" result="Skipped" label="Explicit" start-time="2017-04-26 03:36:32Z" end-time="2017-04-26 03:36:32Z" duration="0.001714" asserts="0">
          <properties>
            <property name="_SKIPREASON" value="interactive" />
          </properties>
          <reason>
            <message><![CDATA[interactive]]></message>
          </reason>
        </test-case>
        <test-case id="0-1001" name="ReadPatterns" fullname="ttaencTests.OidSvgWriterTests.ReadPatterns" methodname="ReadPatterns" classname="ttaencTests.OidSvgWriterTests" runstate="Ignored" seed="1260070811" result="Skipped" label="Ignored" start-time="2017-04-26 03:36:32Z" end-time="2017-04-26 03:36:32Z" duration="0.000024" asserts="0">
          <properties>
            <property name="_SKIPREASON" value="takes too long" />
          </properties>
          <reason>
            <message><![CDATA[takes too long]]></message>
          </reason>
        </test-case>
      </test-suite>
    </test-suite>
  </test-suite>
</test-run>